[0.019s] Invoking command in '/home/autonomy_ws/build/autonomy_repo': CMAKE_PREFIX_PATH=${CMAKE_PREFIX_PATH}:/opt/ros/humble /usr/bin/cmake /home/autonomy_ws/src/autonomy_repo -DAMENT_CMAKE_SYMLINK_INSTALL=1 -DCMAKE_INSTALL_PREFIX=/home/autonomy_ws/install/autonomy_repo
[0.137s] -- The C compiler identification is GNU 11.4.0
[0.214s] -- The CXX compiler identification is GNU 11.4.0
[0.225s] -- Detecting C compiler ABI info
[0.277s] -- Detecting C compiler ABI info - done
[0.282s] -- Check for working C compiler: /usr/bin/cc - skipped
[0.283s] -- Detecting C compile features
[0.283s] -- Detecting C compile features - done
[0.287s] -- Detecting CXX compiler ABI info
[0.344s] -- Detecting CXX compiler ABI info - done
[0.350s] -- Check for working CXX compiler: /usr/bin/c++ - skipped
[0.350s] -- Detecting CXX compile features
[0.350s] -- Detecting CXX compile features - done
[0.359s] -- Found ament_cmake: 1.3.10 (/opt/ros/humble/share/ament_cmake/cmake)
[0.475s] -- Found Python3: /usr/bin/python3 (found version "3.10.12") found components: Interpreter 
[0.533s] -- Override CMake install command with custom implementation using symlinks instead of copying resources
[0.583s] -- Found ament_lint_auto: 0.12.11 (/opt/ros/humble/share/ament_lint_auto/cmake)
[0.663s] -- Added test 'flake8' to check Python code syntax and style conventions
[0.664s] -- Added test 'lint_cmake' to check CMake code style
[0.665s] -- Added test 'pep257' to check Python code against some of the docstring style conventions in PEP 257
[0.666s] -- Added test 'xmllint' to check XML markup files
[0.669s] -- Configuring done
[0.671s] -- Generating done
[0.672s] -- Build files have been written to: /home/autonomy_ws/build/autonomy_repo
[0.676s] Invoked command in '/home/autonomy_ws/build/autonomy_repo' returned '0': CMAKE_PREFIX_PATH=${CMAKE_PREFIX_PATH}:/opt/ros/humble /usr/bin/cmake /home/autonomy_ws/src/autonomy_repo -DAMENT_CMAKE_SYMLINK_INSTALL=1 -DCMAKE_INSTALL_PREFIX=/home/autonomy_ws/install/autonomy_repo
[0.678s] Invoking command in '/home/autonomy_ws/build/autonomy_repo': CMAKE_PREFIX_PATH=${CMAKE_PREFIX_PATH}:/opt/ros/humble /usr/bin/cmake --build /home/autonomy_ws/build/autonomy_repo -- -j16 -l16
[0.705s] Invoked command in '/home/autonomy_ws/build/autonomy_repo' returned '0': CMAKE_PREFIX_PATH=${CMAKE_PREFIX_PATH}:/opt/ros/humble /usr/bin/cmake --build /home/autonomy_ws/build/autonomy_repo -- -j16 -l16
[0.729s] Invoking command in '/home/autonomy_ws/build/autonomy_repo': CMAKE_PREFIX_PATH=${CMAKE_PREFIX_PATH}:/opt/ros/humble /usr/bin/cmake --install /home/autonomy_ws/build/autonomy_repo
[0.734s] -- Install configuration: ""
[0.734s] -- Execute custom install script
[0.734s] -- Symlinking: /home/autonomy_ws/install/autonomy_repo/lib/autonomy_repo/heading_controller.py
[0.741s] -- Symlinking: /home/autonomy_ws/install/autonomy_repo/lib/autonomy_repo/p3_plot.py
[0.747s] -- Symlinking: /home/autonomy_ws/install/autonomy_repo/share/autonomy_repo/launch/heading_control.launch.py
[0.753s] -- Symlinking: /home/autonomy_ws/install/autonomy_repo/share/autonomy_repo/rviz/default.rviz
[0.758s] -- Symlinking: /home/autonomy_ws/install/autonomy_repo/share/ament_index/resource_index/package_run_dependencies/autonomy_repo
[0.764s] -- Symlinking: /home/autonomy_ws/install/autonomy_repo/share/ament_index/resource_index/parent_prefix_path/autonomy_repo
[0.770s] -- Symlinking: /home/autonomy_ws/install/autonomy_repo/share/autonomy_repo/environment/ament_prefix_path.sh
[0.777s] -- Symlinking: /home/autonomy_ws/install/autonomy_repo/share/autonomy_repo/environment/ament_prefix_path.dsv
[0.783s] -- Symlinking: /home/autonomy_ws/install/autonomy_repo/share/autonomy_repo/environment/path.sh
[0.789s] -- Symlinking: /home/autonomy_ws/install/autonomy_repo/share/autonomy_repo/environment/path.dsv
[0.795s] -- Symlinking: /home/autonomy_ws/install/autonomy_repo/share/autonomy_repo/local_setup.bash
[0.800s] -- Symlinking: /home/autonomy_ws/install/autonomy_repo/share/autonomy_repo/local_setup.sh
[0.806s] -- Symlinking: /home/autonomy_ws/install/autonomy_repo/share/autonomy_repo/local_setup.zsh
[0.814s] -- Symlinking: /home/autonomy_ws/install/autonomy_repo/share/autonomy_repo/local_setup.dsv
[0.821s] -- Symlinking: /home/autonomy_ws/install/autonomy_repo/share/autonomy_repo/package.dsv
[0.829s] -- Symlinking: /home/autonomy_ws/install/autonomy_repo/share/ament_index/resource_index/packages/autonomy_repo
[0.835s] -- Symlinking: /home/autonomy_ws/install/autonomy_repo/share/autonomy_repo/cmake/autonomy_repoConfig.cmake
[0.841s] -- Symlinking: /home/autonomy_ws/install/autonomy_repo/share/autonomy_repo/cmake/autonomy_repoConfig-version.cmake
[0.846s] -- Symlinking: /home/autonomy_ws/install/autonomy_repo/share/autonomy_repo/package.xml
[0.853s] Invoked command in '/home/autonomy_ws/build/autonomy_repo' returned '0': CMAKE_PREFIX_PATH=${CMAKE_PREFIX_PATH}:/opt/ros/humble /usr/bin/cmake --install /home/autonomy_ws/build/autonomy_repo
